ARM GAS  /tmp/cc27eHgI.s 			page 1


   1              		.cpu cortex-m4
   2              		.eabi_attribute 27, 1
   3              		.eabi_attribute 28, 1
   4              		.eabi_attribute 20, 1
   5              		.eabi_attribute 21, 1
   6              		.eabi_attribute 23, 3
   7              		.eabi_attribute 24, 1
   8              		.eabi_attribute 25, 1
   9              		.eabi_attribute 26, 1
  10              		.eabi_attribute 30, 1
  11              		.eabi_attribute 34, 1
  12              		.eabi_attribute 18, 4
  13              		.file	"bridgeif.c"
  14              		.text
  15              	.Ltext0:
  16              		.cfi_sections	.debug_frame
  17              	.Letext0:
  18              		.file 1 "/usr/lib/gcc/arm-none-eabi/9.2.1/include/stdint.h"
  19              		.file 2 "Drivers/CMSIS/Include/core_cm4.h"
  20              		.file 3 "Drivers/CMSIS/Device/ST/STM32F4xx/Include/system_stm32f4xx.h"
  21              		.file 4 "Drivers/STM32F4xx_HAL_Driver/Inc/stm32f4xx_hal.h"
  22              		.file 5 "/usr/lib/gcc/arm-none-eabi/9.2.1/include/stddef.h"
  23              		.file 6 "/usr/include/newlib/sys/_types.h"
  24              		.file 7 "/usr/include/newlib/sys/reent.h"
  25              		.file 8 "/usr/include/newlib/sys/lock.h"
  26              		.file 9 "/usr/include/newlib/stdlib.h"
  27              		.file 10 "/usr/include/newlib/time.h"
  28              		.file 11 "Middlewares/Third_Party/LwIP/src/include/lwip/arch.h"
  29              		.file 12 "/usr/include/newlib/ctype.h"
  30              		.file 13 "Middlewares/Third_Party/LwIP/src/include/lwip/err.h"
  31              		.file 14 "Middlewares/Third_Party/FreeRTOS/Source/CMSIS_RTOS_V2/cmsis_os2.h"
  32              		.file 15 "Middlewares/Third_Party/LwIP/system/arch/sys_arch.h"
  33              		.file 16 "Middlewares/Third_Party/LwIP/src/include/lwip/timeouts.h"
  34              		.file 17 "Middlewares/Third_Party/LwIP/src/include/lwip/ip4_addr.h"
  35              		.file 18 "Middlewares/Third_Party/LwIP/src/include/lwip/ip_addr.h"
  36              		.file 19 "Middlewares/Third_Party/LwIP/src/include/lwip/pbuf.h"
  37              		.file 20 "Middlewares/Third_Party/LwIP/src/include/lwip/priv/memp_priv.h"
  38              		.file 21 "Middlewares/Third_Party/LwIP/src/include/lwip/memp.h"
  39              		.file 22 "Middlewares/Third_Party/LwIP/src/include/lwip/netif.h"
  40              		.file 23 "Middlewares/Third_Party/LwIP/src/include/lwip/tcpip.h"
ARM GAS  /tmp/cc27eHgI.s 			page 2


DEFINED SYMBOLS
                            *ABS*:0000000000000000 bridgeif.c

NO UNDEFINED SYMBOLS
